
> santiago-papeleria-frontend@0.0.0 build
> ng build

[33mâ¯[39m Building...
[32mâœ”[39m Building...
Application bundle generation failed. [19.209 seconds] - 2025-12-16T05:46:22.354Z

[1m[31m[31mX [41;31m[[41;97mERROR[41;31m][0m [1mTS2307: Cannot find module './pages/admin/products/product-variants/product-variants.component' or its corresponding type declarations.[0m [1m[35m[plugin angular-compiler][0m

    src/app/app.routes.ts:34:63:
[37m      34 â”‚ ...=> import([32m'./pages/admin/products/product-variants/product-vari[37m...
         â•µ              [32m~~~~~~~~~~~~~~~~~~~~~~~~~~~~~~~~~~~~~~~~~~~~~~~~~~~~~[0m


[31mX [41;31m[[41;97mERROR[41;31m][0m [1mCould not resolve "./pages/admin/products/product-variants/product-variants.component"[0m

    src/app/app.routes.ts:34:63:
[37m      34 â”‚ ...=> import([32m'./pages/admin/products/product-variants/product-vari[37m...
         â•µ              [32m~~~~~~~~~~~~~~~~~~~~~~~~~~~~~~~~~~~~~~~~~~~~~~~~~~~~~[0m

[39m[22m
